Rascunhos/Rascunhos/app/build/intermediates/manifest_merge_blame_file/debug/manifest-merger-blame-debug-report.txt
1<?xml version="1.0" encoding="utf-8"?>
2<manifest xmlns:android="http://schemas.android.com/apk/res/android"
3    package="pt.isec.ans.rascunhos"
4    android:versionCode="1"
5    android:versionName="1.0" >
6
7    <uses-sdk
8        android:minSdkVersion="22"
8-->src/main/AndroidManifest.xml
9        android:targetSdkVersion="31" />
9-->src/main/AndroidManifest.xml
10
11    <uses-permission android:name="android.permission.READ_EXTERNAL_STORAGE" />
11-->src/main/AndroidManifest.xml:5:5-80
11-->src/main/AndroidManifest.xml:5:22-77
12    <uses-permission android:name="android.permission.WRITE_EXTERNAL_STORAGE" />
12-->src/main/AndroidManifest.xml:6:5-81
12-->src/main/AndroidManifest.xml:6:22-78
13
14    <application
14-->src/main/AndroidManifest.xml:8:5-61:19
15        android:allowBackup="true"
15-->src/main/AndroidManifest.xml:9:9-35
16        android:appComponentFactory="androidx.core.app.CoreComponentFactory"
16-->[androidx.core:core:1.7.0] AndroidManifest.xml:24:18-86
17        android:debuggable="true"
18        android:icon="@mipmap/ic_launcher"
18-->src/main/AndroidManifest.xml:10:9-43
19        android:label="@string/app_name"
19-->src/main/AndroidManifest.xml:11:9-41
20        android:roundIcon="@mipmap/ic_launcher_round"
20-->src/main/AndroidManifest.xml:12:9-54
21        android:supportsRtl="true"
21-->src/main/AndroidManifest.xml:13:9-35
22        android:testOnly="true"
23        android:theme="@style/Theme.Rascunhos" >
23-->src/main/AndroidManifest.xml:14:9-47
24        <activity
24-->src/main/AndroidManifest.xml:15:9-17:40
25            android:name="pt.isec.ans.rascunhos.activities.HistoricoActivity"
25-->src/main/AndroidManifest.xml:16:13-57
26            android:exported="false" />
26-->src/main/AndroidManifest.xml:17:13-37
27        <activity
27-->src/main/AndroidManifest.xml:18:9-25:20
28            android:name="pt.isec.ans.rascunhos.activities.AreaDesenhoActivity"
28-->src/main/AndroidManifest.xml:19:13-59
29            android:exported="false"
29-->src/main/AndroidManifest.xml:20:13-37
30            android:parentActivityName="pt.isec.ans.rascunhos.activities.MainActivity" >
30-->src/main/AndroidManifest.xml:21:13-66
31            <meta-data
31-->src/main/AndroidManifest.xml:22:13-24:60
32                android:name="android.support.PARENT_ACTIVITY"
32-->src/main/AndroidManifest.xml:23:17-63
33                android:value=".activities.MainActivity" />
33-->src/main/AndroidManifest.xml:24:17-57
34        </activity>
35        <activity
35-->src/main/AndroidManifest.xml:26:9-33:20
36            android:name="pt.isec.ans.rascunhos.activities.FundoSolidoActivity"
36-->src/main/AndroidManifest.xml:27:13-59
37            android:exported="false"
37-->src/main/AndroidManifest.xml:28:13-37
38            android:parentActivityName="pt.isec.ans.rascunhos.activities.MainActivity" >
38-->src/main/AndroidManifest.xml:29:13-66
39            <meta-data
39-->src/main/AndroidManifest.xml:22:13-24:60
40                android:name="android.support.PARENT_ACTIVITY"
40-->src/main/AndroidManifest.xml:23:17-63
41                android:value=".activities.MainActivity" />
41-->src/main/AndroidManifest.xml:24:17-57
42        </activity>
43        <activity
43-->src/main/AndroidManifest.xml:34:9-41:20
44            android:name="pt.isec.ans.rascunhos.activities.FundoImagemActivity"
44-->src/main/AndroidManifest.xml:35:13-59
45            android:exported="false"
45-->src/main/AndroidManifest.xml:36:13-37
46            android:parentActivityName="pt.isec.ans.rascunhos.activities.MainActivity" >
46-->src/main/AndroidManifest.xml:37:13-66
47            <meta-data
47-->src/main/AndroidManifest.xml:22:13-24:60
48                android:name="android.support.PARENT_ACTIVITY"
48-->src/main/AndroidManifest.xml:23:17-63
49                android:value=".activities.MainActivity" />
49-->src/main/AndroidManifest.xml:24:17-57
50        </activity>
51        <activity
51-->src/main/AndroidManifest.xml:42:9-50:20
52            android:name="pt.isec.ans.rascunhos.activities.MainActivity"
52-->src/main/AndroidManifest.xml:43:13-52
53            android:exported="true" >
53-->src/main/AndroidManifest.xml:44:13-36
54            <intent-filter>
54-->src/main/AndroidManifest.xml:45:13-49:29
55                <action android:name="android.intent.action.MAIN" />
55-->src/main/AndroidManifest.xml:46:17-69
55-->src/main/AndroidManifest.xml:46:25-66
56
57                <category android:name="android.intent.category.LAUNCHER" />
57-->src/main/AndroidManifest.xml:48:17-77
57-->src/main/AndroidManifest.xml:48:27-74
58            </intent-filter>
59        </activity>
60
61        <provider
61-->src/main/AndroidManifest.xml:52:9-60:20
62            android:name="androidx.core.content.FileProvider"
62-->src/main/AndroidManifest.xml:53:13-62
63            android:authorities="pt.isec.ans.prepa4_a.android.fileprovider"
63-->src/main/AndroidManifest.xml:54:13-76
64            android:exported="false"
64-->src/main/AndroidManifest.xml:55:13-37
65            android:grantUriPermissions="true" >
65-->src/main/AndroidManifest.xml:56:13-47
66            <meta-data
66-->src/main/AndroidManifest.xml:57:13-59:54
67                android:name="android.support.FILE_PROVIDER_PATHS"
67-->src/main/AndroidManifest.xml:58:17-67
68                android:resource="@xml/file_paths" />
68-->src/main/AndroidManifest.xml:59:17-51
69        </provider>
70    </application>
71
72</manifest>